#
# There is insufficient memory for the Java Runtime Environment to continue.
# Native memory allocation (malloc) failed to allocate 2053760 bytes for Chunk::new
# Possible reasons:
#   The system is out of physical RAM or swap space
#   The process is running with CompressedOops enabled, and the Java Heap may be blocking the growth of the native heap
# Possible solutions:
#   Reduce memory load on the system
#   Increase physical memory or swap space
#   Check if swap backing store is full
#   Decrease Java heap size (-Xmx/-Xms)
#   Decrease number of Java threads
#   Decrease Java thread stack sizes (-Xss)
#   Set larger code cache with -XX:ReservedCodeCacheSize=
#   JVM is running with Zero Based Compressed Oops mode in which the Java heap is
#     placed in the first 32GB address space. The Java Heap base address is the
#     maximum limit for the native heap growth. Please use -XX:HeapBaseMinAddress
#     to set the Java Heap base and to place the Java Heap above 32GB virtual address.
# This output file may be truncated or incomplete.
#
#  Out of Memory Error (arena.cpp:189), pid=12108, tid=29820
#
# JRE version: Java(TM) SE Runtime Environment (17.0+35) (build 17+35-LTS-2724)
# Java VM: Java HotSpot(TM) 64-Bit Server VM (17+35-LTS-2724, mixed mode, sharing, tiered, compressed oops, compressed class ptrs, g1 gc, windows-amd64)
# No core dump will be written. Minidumps are not enabled by default on client versions of Windows
#

---------------  S U M M A R Y ------------

Command Line: -ea -Dfile.encoding=UTF-8 -Dstdout.encoding=UTF-8 -Dstderr.encoding=UTF-8 -XX:+ShowCodeDetailsInExceptionMessages org.eclipse.jdt.internal.junit.runner.RemoteTestRunner -version 3 -port 64299 -testLoaderClass org.eclipse.jdt.internal.junit4.runner.JUnit4TestLoader -loaderpluginname org.eclipse.jdt.junit4.runtime -classNames com.runner.Runner

Host: Intel(R) Core(TM) i7-8700 CPU @ 3.20GHz, 6 cores, 15G,  Windows 10 , 64 bit Build 26100 (10.0.26100.7623)
Time: Wed Feb 11 08:45:29 2026 India Standard Time elapsed time: 6.292725 seconds (0d 0h 0m 6s)

---------------  T H R E A D  ---------------

Current thread (0x000001955834fc70):  JavaThread "C2 CompilerThread0" daemon [_thread_in_native, id=29820, stack(0x000000316b600000,0x000000316b700000)]


Current CompileTask:
C2:   6293 2264       4       java.lang.invoke.MethodType::makeImpl (109 bytes)

Stack: [0x000000316b600000,0x000000316b700000]
Native frames: (J=compiled Java code, j=interpreted, Vv=VM code, C=native code)
V  [jvm.dll+0x66f8ea]
V  [jvm.dll+0x7ce224]
V  [jvm.dll+0x7cf9ce]
V  [jvm.dll+0x7d0033]
V  [jvm.dll+0x242bb5]
V  [jvm.dll+0xaa05b]
V  [jvm.dll+0xaa5ec]
V  [jvm.dll+0x35f9f7]
V  [jvm.dll+0x329f61]
V  [jvm.dll+0x32940a]
V  [jvm.dll+0x215ca1]
V  [jvm.dll+0x2150c1]
V  [jvm.dll+0x1a168d]
V  [jvm.dll+0x2248f8]
V  [jvm.dll+0x222a5c]
V  [jvm.dll+0x78422b]
V  [jvm.dll+0x77e7ea]
V  [jvm.dll+0x66e715]
C  [ucrtbase.dll+0x37b0]
C  [KERNEL32.DLL+0x2e8d7]
C  [ntdll.dll+0x8c53c]


---------------  P R O C E S S  ---------------

Threads class SMR info:
_java_thread_list=0x000001955a96e5b0, length=23, elements={
0x0000019533ade650, 0x0000019558335d70, 0x0000019558336830, 0x000001955834b630,
0x000001955834df00, 0x000001955834e7c0, 0x000001955834f080, 0x000001955834fc70,
0x000001955835e890, 0x0000019558d89670, 0x0000019558e503a0, 0x0000019558e68ae0,
0x000001955958e590, 0x000001955a07de10, 0x0000019558e68fb0, 0x000001955a05c660,
0x000001955a05cb30, 0x000001955aa6aa90, 0x000001955ba0c260, 0x000001955ba0da70,
0x000001955ba0bd90, 0x000001955ba0c730, 0x000001955ba0df40
}

Java Threads: ( => current thread )
  0x0000019533ade650 JavaThread "Forwarding newSession on session null to remote" [_thread_blocked, id=6468, stack(0x000000316a900000,0x000000316aa00000)]
  0x0000019558335d70 JavaThread "Reference Handler" daemon [_thread_blocked, id=29824, stack(0x000000316b000000,0x000000316b100000)]
  0x0000019558336830 JavaThread "Finalizer" daemon [_thread_blocked, id=28944, stack(0x000000316b100000,0x000000316b200000)]
  0x000001955834b630 JavaThread "Signal Dispatcher" daemon [_thread_blocked, id=1324, stack(0x000000316b200000,0x000000316b300000)]
  0x000001955834df00 JavaThread "Attach Listener" daemon [_thread_blocked, id=30428, stack(0x000000316b300000,0x000000316b400000)]
  0x000001955834e7c0 JavaThread "Service Thread" daemon [_thread_blocked, id=30308, stack(0x000000316b400000,0x000000316b500000)]
  0x000001955834f080 JavaThread "Monitor Deflation Thread" daemon [_thread_blocked, id=18688, stack(0x000000316b500000,0x000000316b600000)]
=>0x000001955834fc70 JavaThread "C2 CompilerThread0" daemon [_thread_in_native, id=29820, stack(0x000000316b600000,0x000000316b700000)]
  0x000001955835e890 JavaThread "C1 CompilerThread0" daemon [_thread_in_native, id=29348, stack(0x000000316b700000,0x000000316b800000)]
  0x0000019558d89670 JavaThread "Sweeper thread" daemon [_thread_blocked, id=29804, stack(0x000000316b800000,0x000000316b900000)]
  0x0000019558e503a0 JavaThread "Notification Thread" daemon [_thread_blocked, id=19944, stack(0x000000316b900000,0x000000316ba00000)]
  0x0000019558e68ae0 JavaThread "Common-Cleaner" daemon [_thread_blocked, id=29424, stack(0x000000316bb00000,0x000000316bc00000)]
  0x000001955958e590 JavaThread "ReaderThread" [_thread_in_native, id=30068, stack(0x000000316bc00000,0x000000316bd00000)]
  0x000001955a07de10 JavaThread "ForkJoinPool.commonPool-worker-1" daemon [_thread_blocked, id=30556, stack(0x000000316c200000,0x000000316c300000)]
  0x0000019558e68fb0 JavaThread "HttpClient-1-SelectorManager" daemon [_thread_in_native, id=23232, stack(0x000000316c300000,0x000000316c400000)]
  0x000001955a05c660 JavaThread "Thread-0" [_thread_in_native, id=30624, stack(0x000000316c400000,0x000000316c500000)]
  0x000001955a05cb30 JavaThread "Driver Service Executor" daemon [_thread_blocked, id=12812, stack(0x000000316c500000,0x000000316c600000)]
  0x000001955aa6aa90 JavaThread "Driver Service Executor" daemon [_thread_in_native, id=30620, stack(0x000000316c600000,0x000000316c700000)]
  0x000001955ba0c260 JavaThread "UrlChecker-2" daemon [_thread_blocked, id=28448, stack(0x000000316c700000,0x000000316c800000)]
  0x000001955ba0da70 JavaThread "Keep-Alive-Timer" daemon [_thread_blocked, id=12664, stack(0x000000316c900000,0x000000316ca00000)]
  0x000001955ba0bd90 JavaThread "pool-1-thread-1" [_thread_blocked, id=30216, stack(0x000000316ca00000,0x000000316cb00000)]
  0x000001955ba0c730 JavaThread "pool-1-thread-2" [_thread_in_vm, id=29248, stack(0x000000316cb00000,0x000000316cc00000)]
  0x000001955ba0df40 JavaThread "pool-1-thread-3" [_thread_blocked, id=29452, stack(0x000000316cc00000,0x000000316cd00000)]

Other Threads:
  0x0000019558331720 VMThread "VM Thread" [stack: 0x000000316af00000,0x000000316b000000] [id=19884]
  0x0000019558e52880 WatcherThread [stack: 0x000000316ba00000,0x000000316bb00000] [id=29312]
  0x0000019533bdc060 GCTaskThread "GC Thread#0" [stack: 0x000000316aa00000,0x000000316ab00000] [id=29432]
  0x00000195592e4090 GCTaskThread "GC Thread#1" [stack: 0x000000316bd00000,0x000000316be00000] [id=28612]
  0x00000195595a4b90 GCTaskThread "GC Thread#2" [stack: 0x000000316be00000,0x000000316bf00000] [id=30376]
  0x00000195592e3320 GCTaskThread "GC Thread#3" [stack: 0x000000316bf00000,0x000000316c000000] [id=27932]
  0x00000195592e35d0 GCTaskThread "GC Thread#4" [stack: 0x000000316c000000,0x000000316c100000] [id=14852]
  0x00000195592e3880 GCTaskThread "GC Thread#5" [stack: 0x000000316c100000,0x000000316c200000] [id=29188]
  0x0000019533becbf0 ConcurrentGCThread "G1 Main Marker" [stack: 0x000000316ab00000,0x000000316ac00000] [id=23556]
  0x0000019533bed510 ConcurrentGCThread "G1 Conc#0" [stack: 0x000000316ac00000,0x000000316ad00000] [id=24444]
  0x0000019533c3e770 ConcurrentGCThread "G1 Refine#0" [stack: 0x000000316ad00000,0x000000316ae00000] [id=4372]
  0x00000195581ec120 ConcurrentGCThread "G1 Service" [stack: 0x000000316ae00000,0x000000316af00000] [id=25436]

Threads with active compile tasks:
C2 CompilerThread0     6343 2264       4       java.lang.invoke.MethodType::makeImpl (109 bytes)

VM state: not at safepoint (normal execution)

VM Mutex/Monitor currently owned by a thread: None

Heap address: 0x0000000702c00000, size: 4052 MB, Compressed Oops mode: Zero based, Oop shift amount: 3

CDS archive(s) mapped at: [0x0000000800000000-0x0000000800bc0000-0x0000000800bc0000), size 12320768, SharedBaseAddress: 0x0000000800000000, ArchiveRelocationMode: 0.
Compressed class space mapped at: 0x0000000800c00000-0x0000000840c00000, reserved size: 1073741824
Narrow klass base: 0x0000000800000000, Narrow klass shift: 0, Narrow klass range: 0x100000000

GC Precious Log:
 CPUs: 6 total, 6 available
 Memory: 16207M
 Large Page Support: Disabled
 NUMA Support: Disabled
 Compressed Oops: Enabled (Zero based)
 Heap Region Size: 2M
 Heap Min Capacity: 8M
 Heap Initial Capacity: 254M
 Heap Max Capacity: 4052M
 Pre-touch: Disabled
 Parallel Workers: 6
 Concurrent Workers: 2
 Concurrent Refinement Workers: 6
 Periodic GC: Disabled

Heap:
 garbage-first heap   total 260096K, used 34577K [0x0000000702c00000, 0x0000000800000000)
  region size 2048K, 14 young (28672K), 3 survivors (6144K)
 Metaspace       used 19897K, committed 20224K, reserved 1073152K
  class space    used 2369K, committed 2496K, reserved 1048576K

Heap Regions: E=young(eden), S=young(survivor), O=old, HS=humongous(starts), HC=humongous(continues), CS=collection set, F=free, OA=open archive, CA=closed archive, TAMS=top-at-mark-start (previous, next)
|   0|0x0000000702c00000, 0x0000000702e00000, 0x0000000702e00000|100%| O|  |TAMS 0x0000000702c00000, 0x0000000702c00000| Untracked 
|   1|0x0000000702e00000, 0x0000000703000000, 0x0000000703000000|100%| O|  |TAMS 0x0000000702e00000, 0x0000000702e00000| Untracked 
|   2|0x0000000703000000, 0x0000000703200000, 0x0000000703200000|100%| O|  |TAMS 0x0000000703000000, 0x0000000703000000| Untracked 
|   3|0x0000000703200000, 0x00000007033c4600, 0x0000000703400000| 88%| O|  |TAMS 0x0000000703200000, 0x0000000703200000| Untracked 
|   4|0x0000000703400000, 0x0000000703400000, 0x0000000703600000|  0%| F|  |TAMS 0x0000000703400000, 0x0000000703400000| Untracked 
|   5|0x0000000703600000, 0x0000000703600000, 0x0000000703800000|  0%| F|  |TAMS 0x0000000703600000, 0x0000000703600000| Untracked 
|   6|0x0000000703800000, 0x0000000703800000, 0x0000000703a00000|  0%| F|  |TAMS 0x0000000703800000, 0x0000000703800000| Untracked 
|   7|0x0000000703a00000, 0x0000000703a00000, 0x0000000703c00000|  0%| F|  |TAMS 0x0000000703a00000, 0x0000000703a00000| Untracked 
|   8|0x0000000703c00000, 0x0000000703c00000, 0x0000000703e00000|  0%| F|  |TAMS 0x0000000703c00000, 0x0000000703c00000| Untracked 
|   9|0x0000000703e00000, 0x0000000703e00000, 0x0000000704000000|  0%| F|  |TAMS 0x0000000703e00000, 0x0000000703e00000| Untracked 
|  10|0x0000000704000000, 0x0000000704000000, 0x0000000704200000|  0%| F|  |TAMS 0x0000000704000000, 0x0000000704000000| Untracked 
|  11|0x0000000704200000, 0x0000000704200000, 0x0000000704400000|  0%| F|  |TAMS 0x0000000704200000, 0x0000000704200000| Untracked 
|  12|0x0000000704400000, 0x0000000704400000, 0x0000000704600000|  0%| F|  |TAMS 0x0000000704400000, 0x0000000704400000| Untracked 
|  13|0x0000000704600000, 0x0000000704600000, 0x0000000704800000|  0%| F|  |TAMS 0x0000000704600000, 0x0000000704600000| Untracked 
|  14|0x0000000704800000, 0x0000000704800000, 0x0000000704a00000|  0%| F|  |TAMS 0x0000000704800000, 0x0000000704800000| Untracked 
|  15|0x0000000704a00000, 0x0000000704a00000, 0x0000000704c00000|  0%| F|  |TAMS 0x0000000704a00000, 0x0000000704a00000| Untracked 
|  16|0x0000000704c00000, 0x0000000704c00000, 0x0000000704e00000|  0%| F|  |TAMS 0x0000000704c00000, 0x0000000704c00000| Untracked 
|  17|0x0000000704e00000, 0x0000000704e00000, 0x0000000705000000|  0%| F|  |TAMS 0x0000000704e00000, 0x0000000704e00000| Untracked 
|  18|0x0000000705000000, 0x0000000705000000, 0x0000000705200000|  0%| F|  |TAMS 0x0000000705000000, 0x0000000705000000| Untracked 
|  19|0x0000000705200000, 0x0000000705200000, 0x0000000705400000|  0%| F|  |TAMS 0x0000000705200000, 0x0000000705200000| Untracked 
|  20|0x0000000705400000, 0x0000000705400000, 0x0000000705600000|  0%| F|  |TAMS 0x0000000705400000, 0x0000000705400000| Untracked 
|  21|0x0000000705600000, 0x0000000705600000, 0x0000000705800000|  0%| F|  |TAMS 0x0000000705600000, 0x0000000705600000| Untracked 
|  22|0x0000000705800000, 0x0000000705800000, 0x0000000705a00000|  0%| F|  |TAMS 0x0000000705800000, 0x0000000705800000| Untracked 
|  23|0x0000000705a00000, 0x0000000705a00000, 0x0000000705c00000|  0%| F|  |TAMS 0x0000000705a00000, 0x0000000705a00000| Untracked 
|  24|0x0000000705c00000, 0x0000000705c00000, 0x0000000705e00000|  0%| F|  |TAMS 0x0000000705c00000, 0x0000000705c00000| Untracked 
|  25|0x0000000705e00000, 0x0000000705e00000, 0x0000000706000000|  0%| F|  |TAMS 0x0000000705e00000, 0x0000000705e00000| Untracked 
|  26|0x0000000706000000, 0x0000000706000000, 0x0000000706200000|  0%| F|  |TAMS 0x0000000706000000, 0x0000000706000000| Untracked 
|  27|0x0000000706200000, 0x0000000706200000, 0x0000000706400000|  0%| F|  |TAMS 0x0000000706200000, 0x0000000706200000| Untracked 
|  28|0x0000000706400000, 0x0000000706400000, 0x0000000706600000|  0%| F|  |TAMS 0x0000000706400000, 0x0000000706400000| Untracked 
|  29|0x0000000706600000, 0x0000000706600000, 0x0000000706800000|  0%| F|  |TAMS 0x0000000706600000, 0x0000000706600000| Untracked 
|  30|0x0000000706800000, 0x0000000706800000, 0x0000000706a00000|  0%| F|  |TAMS 0x0000000706800000, 0x0000000706800000| Untracked 
|  31|0x0000000706a00000, 0x0000000706a00000, 0x0000000706c00000|  0%| F|  |TAMS 0x0000000706a00000, 0x0000000706a00000| Untracked 
|  32|0x0000000706c00000, 0x0000000706c00000, 0x0000000706e00000|  0%| F|  |TAMS 0x0000000706c00000, 0x0000000706c00000| Untracked 
|  33|0x0000000706e00000, 0x0000000706e00000, 0x0000000707000000|  0%| F|  |TAMS 0x0000000706e00000, 0x0000000706e00000| Untracked 
|  34|0x0000000707000000, 0x0000000707000000, 0x0000000707200000|  0%| F|  |TAMS 0x0000000707000000, 0x0000000707000000| Untracked 
|  35|0x0000000707200000, 0x0000000707200000, 0x0000000707400000|  0%| F|  |TAMS 0x0000000707200000, 0x0000000707200000| Untracked 
|  36|0x0000000707400000, 0x0000000707400000, 0x0000000707600000|  0%| F|  |TAMS 0x0000000707400000, 0x0000000707400000| Untracked 
|  37|0x0000000707600000, 0x0000000707600000, 0x0000000707800000|  0%| F|  |TAMS 0x0000000707600000, 0x0000000707600000| Untracked 
|  38|0x0000000707800000, 0x0000000707800000, 0x0000000707a00000|  0%| F|  |TAMS 0x0000000707800000, 0x0000000707800000| Untracked 
|  39|0x0000000707a00000, 0x0000000707a00000, 0x0000000707c00000|  0%| F|  |TAMS 0x0000000707a00000, 0x0000000707a00000| Untracked 
|  40|0x0000000707c00000, 0x0000000707c00000, 0x0000000707e00000|  0%| F|  |TAMS 0x0000000707c00000, 0x0000000707c00000| Untracked 
|  41|0x0000000707e00000, 0x0000000707e00000, 0x0000000708000000|  0%| F|  |TAMS 0x0000000707e00000, 0x0000000707e00000| Untracked 
|  42|0x0000000708000000, 0x0000000708000000, 0x0000000708200000|  0%| F|  |TAMS 0x0000000708000000, 0x0000000708000000| Untracked 
|  43|0x0000000708200000, 0x0000000708200000, 0x0000000708400000|  0%| F|  |TAMS 0x0000000708200000, 0x0000000708200000| Untracked 
|  44|0x0000000708400000, 0x0000000708400000, 0x0000000708600000|  0%| F|  |TAMS 0x0000000708400000, 0x0000000708400000| Untracked 
|  45|0x0000000708600000, 0x0000000708600000, 0x0000000708800000|  0%| F|  |TAMS 0x0000000708600000, 0x0000000708600000| Untracked 
|  46|0x0000000708800000, 0x0000000708800000, 0x0000000708a00000|  0%| F|  |TAMS 0x0000000708800000, 0x0000000708800000| Untracked 
|  47|0x0000000708a00000, 0x0000000708a00000, 0x0000000708c00000|  0%| F|  |TAMS 0x0000000708a00000, 0x0000000708a00000| Untracked 
|  48|0x0000000708c00000, 0x0000000708c00000, 0x0000000708e00000|  0%| F|  |TAMS 0x0000000708c00000, 0x0000000708c00000| Untracked 
|  49|0x0000000708e00000, 0x0000000708e00000, 0x0000000709000000|  0%| F|  |TAMS 0x0000000708e00000, 0x0000000708e00000| Untracked 
|  50|0x0000000709000000, 0x0000000709000000, 0x0000000709200000|  0%| F|  |TAMS 0x0000000709000000, 0x0000000709000000| Untracked 
|  51|0x0000000709200000, 0x0000000709200000, 0x0000000709400000|  0%| F|  |TAMS 0x0000000709200000, 0x0000000709200000| Untracked 
|  52|0x0000000709400000, 0x0000000709400000, 0x0000000709600000|  0%| F|  |TAMS 0x0000000709400000, 0x0000000709400000| Untracked 
|  53|0x0000000709600000, 0x0000000709600000, 0x0000000709800000|  0%| F|  |TAMS 0x0000000709600000, 0x0000000709600000| Untracked 
|  54|0x0000000709800000, 0x0000000709800000, 0x0000000709a00000|  0%| F|  |TAMS 0x0000000709800000, 0x0000000709800000| Untracked 
|  55|0x0000000709a00000, 0x0000000709a00000, 0x0000000709c00000|  0%| F|  |TAMS 0x0000000709a00000, 0x0000000709a00000| Untracked 
|  56|0x0000000709c00000, 0x0000000709c00000, 0x0000000709e00000|  0%| F|  |TAMS 0x0000000709c00000, 0x0000000709c00000| Untracked 
|  57|0x0000000709e00000, 0x0000000709e00000, 0x000000070a000000|  0%| F|  |TAMS 0x0000000709e00000, 0x0000000709e00000| Untracked 
|  58|0x000000070a000000, 0x000000070a000000, 0x000000070a200000|  0%| F|  |TAMS 0x000000070a000000, 0x000000070a000000| Untracked 
|  59|0x000000070a200000, 0x000000070a200000, 0x000000070a400000|  0%| F|  |TAMS 0x000000070a200000, 0x000000070a200000| Untracked 
|  60|0x000000070a400000, 0x000000070a400000, 0x000000070a600000|  0%| F|  |TAMS 0x000000070a400000, 0x000000070a400000| Untracked 
|  61|0x000000070a600000, 0x000000070a600000, 0x000000070a800000|  0%| F|  |TAMS 0x000000070a600000, 0x000000070a600000| Untracked 
|  62|0x000000070a800000, 0x000000070a800000, 0x000000070aa00000|  0%| F|  |TAMS 0x000000070a800000, 0x000000070a800000| Untracked 
|  63|0x000000070aa00000, 0x000000070aa00000, 0x000000070ac00000|  0%| F|  |TAMS 0x000000070aa00000, 0x000000070aa00000| Untracked 
|  64|0x000000070ac00000, 0x000000070ac00000, 0x000000070ae00000|  0%| F|  |TAMS 0x000000070ac00000, 0x000000070ac00000| Untracked 
|  65|0x000000070ae00000, 0x000000070ae00000, 0x000000070b000000|  0%| F|  |TAMS 0x000000070ae00000, 0x000000070ae00000| Untracked 
|  66|0x000000070b000000, 0x000000070b000000, 0x000000070b200000|  0%| F|  |TAMS 0x000000070b000000, 0x000000070b000000| Untracked 
|  67|0x000000070b200000, 0x000000070b200000, 0x000000070b400000|  0%| F|  |TAMS 0x000000070b200000, 0x000000070b200000| Untracked 
|  68|0x000000070b400000, 0x000000070b400000, 0x000000070b600000|  0%| F|  |TAMS 0x000000070b400000, 0x000000070b400000| Untracked 
|  69|0x000000070b600000, 0x000000070b600000, 0x000000070b800000|  0%| F|  |TAMS 0x000000070b600000, 0x000000070b600000| Untracked 
|  70|0x000000070b800000, 0x000000070b800000, 0x000000070ba00000|  0%| F|  |TAMS 0x000000070b800000, 0x000000070b800000| Untracked 
|  71|0x000000070ba00000, 0x000000070ba00000, 0x000000070bc00000|  0%| F|  |TAMS 0x000000070ba00000, 0x000000070ba00000| Untracked 
|  72|0x000000070bc00000, 0x000000070bc00000, 0x000000070be00000|  0%| F|  |TAMS 0x000000070bc00000, 0x000000070bc00000| Untracked 
|  73|0x000000070be00000, 0x000000070be00000, 0x000000070c000000|  0%| F|  |TAMS 0x000000070be00000, 0x000000070be00000| Untracked 
|  74|0x000000070c000000, 0x000000070c000000, 0x000000070c200000|  0%| F|  |TAMS 0x000000070c000000, 0x000000070c000000| Untracked 
|  75|0x000000070c200000, 0x000000070c200000, 0x000000070c400000|  0%| F|  |TAMS 0x000000070c200000, 0x000000070c200000| Untracked 
|  76|0x000000070c400000, 0x000000070c400000, 0x000000070c600000|  0%| F|  |TAMS 0x000000070c400000, 0x000000070c400000| Untracked 
|  77|0x000000070c600000, 0x000000070c600000, 0x000000070c800000|  0%| F|  |TAMS 0x000000070c600000, 0x000000070c600000| Untracked 
|  78|0x000000070c800000, 0x000000070c800000, 0x000000070ca00000|  0%| F|  |TAMS 0x000000070c800000, 0x000000070c800000| Untracked 
|  79|0x000000070ca00000, 0x000000070ca00000, 0x000000070cc00000|  0%| F|  |TAMS 0x000000070ca00000, 0x000000070ca00000| Untracked 
|  80|0x000000070cc00000, 0x000000070cc00000, 0x000000070ce00000|  0%| F|  |TAMS 0x000000070cc00000, 0x000000070cc00000| Untracked 
|  81|0x000000070ce00000, 0x000000070ce00000, 0x000000070d000000|  0%| F|  |TAMS 0x000000070ce00000, 0x000000070ce00000| Untracked 
|  82|0x000000070d000000, 0x000000070d000000, 0x000000070d200000|  0%| F|  |TAMS 0x000000070d000000, 0x000000070d000000| Untracked 
|  83|0x000000070d200000, 0x000000070d200000, 0x000000070d400000|  0%| F|  |TAMS 0x000000070d200000, 0x000000070d200000| Untracked 
|  84|0x000000070d400000, 0x000000070d400000, 0x000000070d600000|  0%| F|  |TAMS 0x000000070d400000, 0x000000070d400000| Untracked 
|  85|0x000000070d600000, 0x000000070d600000, 0x000000070d800000|  0%| F|  |TAMS 0x000000070d600000, 0x000000070d600000| Untracked 
|  86|0x000000070d800000, 0x000000070d800000, 0x000000070da00000|  0%| F|  |TAMS 0x000000070d800000, 0x000000070d800000| Untracked 
|  87|0x000000070da00000, 0x000000070da00000, 0x000000070dc00000|  0%| F|  |TAMS 0x000000070da00000, 0x000000070da00000| Untracked 
|  88|0x000000070dc00000, 0x000000070dc00000, 0x000000070de00000|  0%| F|  |TAMS 0x000000070dc00000, 0x000000070dc00000| Untracked 
|  89|0x000000070de00000, 0x000000070de00000, 0x000000070e000000|  0%| F|  |TAMS 0x000000070de00000, 0x000000070de00000| Untracked 
|  90|0x000000070e000000, 0x000000070e000000, 0x000000070e200000|  0%| F|  |TAMS 0x000000070e000000, 0x000000070e000000| Untracked 
|  91|0x000000070e200000, 0x000000070e200000, 0x000000070e400000|  0%| F|  |TAMS 0x000000070e200000, 0x000000070e200000| Untracked 
|  92|0x000000070e400000, 0x000000070e400000, 0x000000070e600000|  0%| F|  |TAMS 0x000000070e400000, 0x000000070e400000| Untracked 
|  93|0x000000070e600000, 0x000000070e600000, 0x000000070e800000|  0%| F|  |TAMS 0x000000070e600000, 0x000000070e600000| Untracked 
|  94|0x000000070e800000, 0x000000070e800000, 0x000000070ea00000|  0%| F|  |TAMS 0x000000070e800000, 0x000000070e800000| Untracked 
|  95|0x000000070ea00000, 0x000000070ea00000, 0x000000070ec00000|  0%| F|  |TAMS 0x000000070ea00000, 0x000000070ea00000| Untracked 
|  96|0x000000070ec00000, 0x000000070ec00000, 0x000000070ee00000|  0%| F|  |TAMS 0x000000070ec00000, 0x000000070ec00000| Untracked 
|  97|0x000000070ee00000, 0x000000070ee00000, 0x000000070f000000|  0%| F|  |TAMS 0x000000070ee00000, 0x000000070ee00000| Untracked 
|  98|0x000000070f000000, 0x000000070f000000, 0x000000070f200000|  0%| F|  |TAMS 0x000000070f000000, 0x000000070f000000| Untracked 
|  99|0x000000070f200000, 0x000000070f200000, 0x000000070f400000|  0%| F|  |TAMS 0x000000070f200000, 0x000000070f200000| Untracked 
| 100|0x000000070f400000, 0x000000070f400000, 0x000000070f600000|  0%| F|  |TAMS 0x000000070f400000, 0x000000070f400000| Untracked 
| 101|0x000000070f600000, 0x000000070f600000, 0x000000070f800000|  0%| F|  |TAMS 0x000000070f600000, 0x000000070f600000| Untracked 
| 102|0x000000070f800000, 0x000000070fa00000, 0x000000070fa00000|100%| S|CS|TAMS 0x000000070f800000, 0x000000070f800000| Complete 
| 103|0x000000070fa00000, 0x000000070fc00000, 0x000000070fc00000|100%| S|CS|TAMS 0x000000070fa00000, 0x000000070fa00000| Complete 
| 104|0x000000070fc00000, 0x000000070fe00000, 0x000000070fe00000|100%| S|CS|TAMS 0x000000070fc00000, 0x000000070fc00000| Complete 
| 105|0x000000070fe00000, 0x000000070fe00000, 0x0000000710000000|  0%| F|  |TAMS 0x000000070fe00000, 0x000000070fe00000| Untracked 
| 106|0x0000000710000000, 0x0000000710000000, 0x0000000710200000|  0%| F|  |TAMS 0x0000000710000000, 0x0000000710000000| Untracked 
| 107|0x0000000710200000, 0x0000000710200000, 0x0000000710400000|  0%| F|  |TAMS 0x0000000710200000, 0x0000000710200000| Untracked 
| 108|0x0000000710400000, 0x0000000710400000, 0x0000000710600000|  0%| F|  |TAMS 0x0000000710400000, 0x0000000710400000| Untracked 
| 109|0x0000000710600000, 0x0000000710600000, 0x0000000710800000|  0%| F|  |TAMS 0x0000000710600000, 0x0000000710600000| Untracked 
| 110|0x0000000710800000, 0x0000000710800000, 0x0000000710a00000|  0%| F|  |TAMS 0x0000000710800000, 0x0000000710800000| Untracked 
| 111|0x0000000710a00000, 0x0000000710a00000, 0x0000000710c00000|  0%| F|  |TAMS 0x0000000710a00000, 0x0000000710a00000| Untracked 
| 112|0x0000000710c00000, 0x0000000710c00000, 0x0000000710e00000|  0%| F|  |TAMS 0x0000000710c00000, 0x0000000710c00000| Untracked 
| 113|0x0000000710e00000, 0x0000000710e00000, 0x0000000711000000|  0%| F|  |TAMS 0x0000000710e00000, 0x0000000710e00000| Untracked 
| 114|0x0000000711000000, 0x0000000711000000, 0x0000000711200000|  0%| F|  |TAMS 0x0000000711000000, 0x0000000711000000| Untracked 
| 115|0x0000000711200000, 0x0000000711200000, 0x0000000711400000|  0%| F|  |TAMS 0x0000000711200000, 0x0000000711200000| Untracked 
| 116|0x0000000711400000, 0x0000000711600000, 0x0000000711600000|100%| E|  |TAMS 0x0000000711400000, 0x0000000711400000| Complete 
| 117|0x0000000711600000, 0x0000000711800000, 0x0000000711800000|100%| E|CS|TAMS 0x0000000711600000, 0x0000000711600000| Complete 
| 118|0x0000000711800000, 0x0000000711a00000, 0x0000000711a00000|100%| E|CS|TAMS 0x0000000711800000, 0x0000000711800000| Complete 
| 119|0x0000000711a00000, 0x0000000711c00000, 0x0000000711c00000|100%| E|CS|TAMS 0x0000000711a00000, 0x0000000711a00000| Complete 
| 120|0x0000000711c00000, 0x0000000711e00000, 0x0000000711e00000|100%| E|CS|TAMS 0x0000000711c00000, 0x0000000711c00000| Complete 
| 121|0x0000000711e00000, 0x0000000712000000, 0x0000000712000000|100%| E|CS|TAMS 0x0000000711e00000, 0x0000000711e00000| Complete 
| 122|0x0000000712000000, 0x0000000712200000, 0x0000000712200000|100%| E|CS|TAMS 0x0000000712000000, 0x0000000712000000| Complete 
| 123|0x0000000712200000, 0x0000000712400000, 0x0000000712400000|100%| E|CS|TAMS 0x0000000712200000, 0x0000000712200000| Complete 
| 124|0x0000000712400000, 0x0000000712600000, 0x0000000712600000|100%| E|CS|TAMS 0x0000000712400000, 0x0000000712400000| Complete 
| 125|0x0000000712600000, 0x0000000712800000, 0x0000000712800000|100%| E|CS|TAMS 0x0000000712600000, 0x0000000712600000| Complete 
| 126|0x0000000712800000, 0x0000000712a00000, 0x0000000712a00000|100%| E|CS|TAMS 0x0000000712800000, 0x0000000712800000| Complete 

Card table byte_map: [0x000001954cbf0000,0x000001954d3e0000] _byte_map_base: 0x00000195493da000

Marking Bits (Prev, Next): (CMBitMap*) 0x0000019533bdc580, (CMBitMap*) 0x0000019533bdc5c0
 Prev Bits: [0x000001954dbd0000, 0x0000019551b20000)
 Next Bits: [0x0000019551b20000, 0x0000019555a70000)

Polling page: 0x0000019533c40000

Metaspace:

Usage:
  Non-class:     17.13 MB used.
      Class:      2.32 MB used.
       Both:     19.45 MB used.

Virtual space:
  Non-class space:       24.00 MB reserved,      17.31 MB ( 72%) committed,  3 nodes.
      Class space:        1.00 GB reserved,       2.44 MB ( <1%) committed,  1 nodes.
             Both:        1.02 GB reserved,      19.75 MB (  2%) committed. 

Chunk freelists:
   Non-Class:  1.91 MB
       Class:  1.41 MB
        Both:  3.31 MB

MaxMetaspaceSize: unlimited
CompressedClassSpaceSize: 1.00 GB
Initial GC threshold: 21.00 MB
Current GC threshold: 21.00 MB
CDS: on
MetaspaceReclaimPolicy: balanced
 - commit_granule_bytes: 65536.
 - commit_granule_words: 8192.
 - virtual_space_node_default_size: 1048576.
 - enlarge_chunks_in_place: 1.
 - new_chunks_are_fully_committed: 0.
 - uncommit_free_chunks: 1.
 - use_allocation_guard: 0.
 - handle_deallocations: 1.


Internal statistics:

num_allocs_failed_limit: 0.
num_arena_births: 250.
num_arena_deaths: 0.
num_vsnodes_births: 4.
num_vsnodes_deaths: 0.
num_space_committed: 316.
num_space_uncommitted: 0.
num_chunks_returned_to_freelist: 0.
num_chunks_taken_from_freelist: 771.
num_chunk_merges: 0.
num_chunk_splits: 527.
num_chunks_enlarged: 409.
num_purges: 0.
num_inconsistent_stats: 0.

CodeHeap 'non-profiled nmethods': size=120000Kb used=1027Kb max_used=1027Kb free=118972Kb
 bounds [0x0000019544690000, 0x0000019544900000, 0x000001954bbc0000]
CodeHeap 'profiled nmethods': size=120000Kb used=4853Kb max_used=4853Kb free=115146Kb
 bounds [0x000001953d160000, 0x000001953d620000, 0x0000019544690000]
CodeHeap 'non-nmethods': size=5760Kb used=1226Kb max_used=1266Kb free=4533Kb
 bounds [0x000001953cbc0000, 0x000001953ce30000, 0x000001953d160000]
 total_blobs=2844 nmethods=2311 adapters=445
 compilation: enabled
              stopped_count=0, restarted_count=0
 full_count=0

Compilation events (20 events):
Event: 6.130 Thread 0x000001955835e890 2292       3       java.lang.invoke.BoundMethodHandle$Species_L::make (11 bytes)
Event: 6.134 Thread 0x000001955835e890 nmethod 2292 0x000001953d60c390 code [0x000001953d60c540, 0x000001953d60c7a8]
Event: 6.140 Thread 0x000001955835e890 2293       3       java.lang.invoke.MemberName::getFactory (4 bytes)
Event: 6.141 Thread 0x000001955835e890 nmethod 2293 0x000001953d60c890 code [0x000001953d60ca20, 0x000001953d60cb18]
Event: 6.141 Thread 0x000001955835e890 2294       1       java.lang.invoke.MethodHandle::isInvokeSpecial (2 bytes)
Event: 6.142 Thread 0x000001955835e890 nmethod 2294 0x000001954478fe10 code [0x000001954478ffa0, 0x0000019544790078]
Event: 6.142 Thread 0x000001955835e890 2295       3       java.lang.invoke.MethodHandles$Lookup::getDirectConstructorCommon (69 bytes)
Event: 6.143 Thread 0x000001955835e890 nmethod 2295 0x000001953d60cb90 code [0x000001953d60ce00, 0x000001953d60d938]
Event: 6.143 Thread 0x000001955835e890 2296       3       java.lang.invoke.MemberName::asConstructor (58 bytes)
Event: 6.143 Thread 0x000001955835e890 nmethod 2296 0x000001953d60dd10 code [0x000001953d60df20, 0x000001953d60e548]
Event: 6.192 Thread 0x000001955835e890 2298       3       java.lang.invoke.MethodHandle::asTypeUncached (59 bytes)
Event: 6.202 Thread 0x000001955835e890 nmethod 2298 0x000001953d60e790 code [0x000001953d60ea60, 0x000001953d60f5f8]
Event: 6.202 Thread 0x000001955835e890 2299       3       java.lang.invoke.MethodType::isConvertibleTo (164 bytes)
Event: 6.202 Thread 0x000001955835e890 nmethod 2299 0x000001953d60fa90 code [0x000001953d60fce0, 0x000001953d6106a8]
Event: 6.202 Thread 0x000001955835e890 2300       3       java.lang.invoke.MethodHandles$Lookup::findConstructor (61 bytes)
Event: 6.206 Thread 0x000001955835e890 nmethod 2300 0x000001953d610990 code [0x000001953d610c00, 0x000001953d611438]
Event: 6.206 Thread 0x000001955835e890 2301       3       java.lang.invoke.MethodHandles$Lookup::getDirectConstructor (10 bytes)
Event: 6.207 Thread 0x000001955835e890 nmethod 2301 0x000001953d611790 code [0x000001953d611920, 0x000001953d611a68]
Event: 6.251 Thread 0x000001955835e890 2302       1       java.util.concurrent.locks.AbstractQueuedSynchronizer::setState (6 bytes)
Event: 6.252 Thread 0x000001955835e890 nmethod 2302 0x0000019544790410 code [0x00000195447905a0, 0x0000019544790678]

GC Heap History (6 events):
Event: 1.360 GC heap before
{Heap before GC invocations=0 (full 0):
 garbage-first heap   total 260096K, used 18432K [0x0000000702c00000, 0x0000000800000000)
  region size 2048K, 10 young (20480K), 0 survivors (0K)
 Metaspace       used 1414K, committed 1536K, reserved 1056768K
  class space    used 139K, committed 192K, reserved 1048576K
}
Event: 1.377 GC heap after
{Heap after GC invocations=1 (full 0):
 garbage-first heap   total 260096K, used 7531K [0x0000000702c00000, 0x0000000800000000)
  region size 2048K, 2 young (4096K), 2 survivors (4096K)
 Metaspace       used 1414K, committed 1536K, reserved 1056768K
  class space    used 139K, committed 192K, reserved 1048576K
}
Event: 2.653 GC heap before
{Heap before GC invocations=1 (full 0):
 garbage-first heap   total 260096K, used 23915K [0x0000000702c00000, 0x0000000800000000)
  region size 2048K, 11 young (22528K), 2 survivors (4096K)
 Metaspace       used 6177K, committed 6336K, reserved 1056768K
  class space    used 683K, committed 768K, reserved 1048576K
}
Event: 2.656 GC heap after
{Heap after GC invocations=2 (full 0):
 garbage-first heap   total 260096K, used 9778K [0x0000000702c00000, 0x0000000800000000)
  region size 2048K, 2 young (4096K), 2 survivors (4096K)
 Metaspace       used 6177K, committed 6336K, reserved 1056768K
  class space    used 683K, committed 768K, reserved 1048576K
}
Event: 4.877 GC heap before
{Heap before GC invocations=2 (full 0):
 garbage-first heap   total 260096K, used 50738K [0x0000000702c00000, 0x0000000800000000)
  region size 2048K, 22 young (45056K), 2 survivors (4096K)
 Metaspace       used 14367K, committed 14592K, reserved 1064960K
  class space    used 1625K, committed 1728K, reserved 1048576K
}
Event: 4.882 GC heap after
{Heap after GC invocations=3 (full 0):
 garbage-first heap   total 260096K, used 14097K [0x0000000702c00000, 0x0000000800000000)
  region size 2048K, 3 young (6144K), 3 survivors (6144K)
 Metaspace       used 14367K, committed 14592K, reserved 1064960K
  class space    used 1625K, committed 1728K, reserved 1048576K
}

Deoptimization events (20 events):
Event: 4.396 Thread 0x0000019533ade650 Uncommon trap: trap_request=0xffffff45 fr.pc=0x0000019544746fbc relative=0x000000000000121c
Event: 4.396 Thread 0x0000019533ade650 Uncommon trap: reason=unstable_if action=reinterpret pc=0x0000019544746fbc method=java.util.concurrent.ConcurrentHashMap.putVal(Ljava/lang/Object;Ljava/lang/Object;Z)Ljava/lang/Object; @ 231 c2
Event: 4.396 Thread 0x0000019533ade650 DEOPT PACKING pc=0x0000019544746fbc sp=0x000000316a9fd100
Event: 4.396 Thread 0x0000019533ade650 DEOPT UNPACKING pc=0x000001953cc123a3 sp=0x000000316a9fd070 mode 2
Event: 4.415 Thread 0x0000019533ade650 Uncommon trap: trap_request=0xffffff45 fr.pc=0x00000195446b4528 relative=0x00000000000001a8
Event: 4.415 Thread 0x0000019533ade650 Uncommon trap: reason=unstable_if action=reinterpret pc=0x00000195446b4528 method=java.lang.String.equals(Ljava/lang/Object;)Z @ 33 c2
Event: 4.415 Thread 0x0000019533ade650 DEOPT PACKING pc=0x00000195446b4528 sp=0x000000316a9fdb20
Event: 4.415 Thread 0x0000019533ade650 DEOPT UNPACKING pc=0x000001953cc123a3 sp=0x000000316a9fdac0 mode 2
Event: 4.537 Thread 0x0000019533ade650 DEOPT PACKING pc=0x000001953d478063 sp=0x000000316a9fd670
Event: 4.537 Thread 0x0000019533ade650 DEOPT UNPACKING pc=0x000001953cc12b43 sp=0x000000316a9fcb80 mode 0
Event: 4.985 Thread 0x0000019533ade650 DEOPT PACKING pc=0x000001953d478042 sp=0x000000316a9f7ef0
Event: 4.985 Thread 0x0000019533ade650 DEOPT UNPACKING pc=0x000001953cc12b43 sp=0x000000316a9f7400 mode 0
Event: 5.015 Thread 0x0000019533ade650 Uncommon trap: trap_request=0xffffff45 fr.pc=0x0000019544743154 relative=0x0000000000000cd4
Event: 5.015 Thread 0x0000019533ade650 Uncommon trap: reason=unstable_if action=reinterpret pc=0x0000019544743154 method=java.io.BufferedReader.readLine(Z[Z)Ljava/lang/String; @ 63 c2
Event: 5.015 Thread 0x0000019533ade650 DEOPT PACKING pc=0x0000019544743154 sp=0x000000316a9fcd50
Event: 5.015 Thread 0x0000019533ade650 DEOPT UNPACKING pc=0x000001953cc123a3 sp=0x000000316a9fcce8 mode 2
Event: 5.315 Thread 0x0000019533ade650 Uncommon trap: trap_request=0xffffff45 fr.pc=0x0000019544756264 relative=0x00000000000001a4
Event: 5.315 Thread 0x0000019533ade650 Uncommon trap: reason=unstable_if action=reinterpret pc=0x0000019544756264 method=java.util.regex.Pattern$BmpCharProperty.match(Ljava/util/regex/Matcher;ILjava/lang/CharSequence;)Z @ 5 c2
Event: 5.315 Thread 0x0000019533ade650 DEOPT PACKING pc=0x0000019544756264 sp=0x000000316a9fd1f0
Event: 5.315 Thread 0x0000019533ade650 DEOPT UNPACKING pc=0x000001953cc123a3 sp=0x000000316a9fd198 mode 2

Classes unloaded (0 events):
No events

Classes redefined (0 events):
No events

Internal exceptions (20 events):
Event: 5.404 Thread 0x0000019533ade650 Exception <a 'java/lang/NoSuchMethodError'{0x0000000712069e50}: 'java.lang.Object java.lang.invoke.DirectMethodHandle$Holder.invokeStaticInit(java.lang.Object, java.lang.Object, long, java.lang.Object)'> (0x0000000712069e50) 
thrown [t:\workspace\open\src\hotspot\share\interpreter\linkResolver.cpp, line 766]
Event: 5.405 Thread 0x0000019533ade650 Exception <a 'java/lang/NoSuchMethodError'{0x0000000712070180}: 'java.lang.Object java.lang.invoke.DirectMethodHandle$Holder.newInvokeSpecial(java.lang.Object, java.lang.Object, long)'> (0x0000000712070180) 
thrown [t:\workspace\open\src\hotspot\share\interpreter\linkResolver.cpp, line 766]
Event: 5.405 Thread 0x0000019533ade650 Exception <a 'java/lang/NoSuchMethodError'{0x0000000712073cf0}: 'java.lang.Object java.lang.invoke.Invokers$Holder.linkToTargetMethod(java.lang.Object, long, java.lang.Object)'> (0x0000000712073cf0) 
thrown [t:\workspace\open\src\hotspot\share\interpreter\linkResolver.cpp, line 766]
Event: 5.488 Thread 0x000001955ba0c260 Exception <a 'java/net/ConnectException'{0x0000000711f08648}: Connection refused: no further information> (0x0000000711f08648) 
thrown [t:\workspace\open\src\hotspot\share\prims\jni.cpp, line 535]
Event: 5.488 Thread 0x000001955ba0c260 Exception <a 'java/net/SocketException'{0x0000000711f08980}: Socket is not connected: shutdown> (0x0000000711f08980) 
thrown [t:\workspace\open\src\hotspot\share\prims\jni.cpp, line 535]
Event: 5.510 Thread 0x000001955ba0c260 Exception <a 'java/net/ConnectException'{0x0000000711f098f8}: Connection refused: no further information> (0x0000000711f098f8) 
thrown [t:\workspace\open\src\hotspot\share\prims\jni.cpp, line 535]
Event: 5.510 Thread 0x000001955ba0c260 Exception <a 'java/net/SocketException'{0x0000000711f09c30}: Socket is not connected: shutdown> (0x0000000711f09c30) 
thrown [t:\workspace\open\src\hotspot\share\prims\jni.cpp, line 535]
Event: 5.542 Thread 0x000001955ba0c260 Exception <a 'java/net/ConnectException'{0x0000000711f0aad8}: Connection refused: no further information> (0x0000000711f0aad8) 
thrown [t:\workspace\open\src\hotspot\share\prims\jni.cpp, line 535]
Event: 5.542 Thread 0x000001955ba0c260 Exception <a 'java/net/SocketException'{0x0000000711f0ae10}: Socket is not connected: shutdown> (0x0000000711f0ae10) 
thrown [t:\workspace\open\src\hotspot\share\prims\jni.cpp, line 535]
Event: 5.600 Thread 0x000001955ba0c260 Exception <a 'java/net/ConnectException'{0x0000000711f0bcb8}: Connection refused: no further information> (0x0000000711f0bcb8) 
thrown [t:\workspace\open\src\hotspot\share\prims\jni.cpp, line 535]
Event: 5.601 Thread 0x000001955ba0c260 Exception <a 'java/net/SocketException'{0x0000000711f0bff0}: Socket is not connected: shutdown> (0x0000000711f0bff0) 
thrown [t:\workspace\open\src\hotspot\share\prims\jni.cpp, line 535]
Event: 5.721 Thread 0x0000019533ade650 Exception <a 'java/lang/NoSuchMethodError'{0x0000000711c05a28}: 'int java.lang.invoke.DirectMethodHandle$Holder.invokeVirtual(java.lang.Object, java.lang.Object)'> (0x0000000711c05a28) 
thrown [t:\workspace\open\src\hotspot\share\interpreter\linkResolver.cpp, line 766]
Event: 5.721 Thread 0x0000019533ade650 Exception <a 'java/lang/NoSuchMethodError'{0x0000000711c0bf10}: 'double java.lang.invoke.DirectMethodHandle$Holder.invokeVirtual(java.lang.Object, java.lang.Object)'> (0x0000000711c0bf10) 
thrown [t:\workspace\open\src\hotspot\share\interpreter\linkResolver.cpp, line 766]
Event: 5.722 Thread 0x0000019533ade650 Exception <a 'java/lang/NoSuchMethodError'{0x0000000711c126b8}: 'float java.lang.invoke.DirectMethodHandle$Holder.invokeVirtual(java.lang.Object, java.lang.Object)'> (0x0000000711c126b8) 
thrown [t:\workspace\open\src\hotspot\share\interpreter\linkResolver.cpp, line 766]
Event: 5.722 Thread 0x0000019533ade650 Exception <a 'java/lang/NoSuchMethodError'{0x0000000711c1b5d8}: 'long java.lang.invoke.DirectMethodHandle$Holder.invokeVirtual(java.lang.Object, java.lang.Object)'> (0x0000000711c1b5d8) 
thrown [t:\workspace\open\src\hotspot\share\interpreter\linkResolver.cpp, line 766]
Event: 5.797 Thread 0x0000019533ade650 Exception <a 'java/lang/NoSuchMethodError'{0x0000000711d705e0}: 'java.lang.Object java.lang.invoke.DirectMethodHandle$Holder.newInvokeSpecial(java.lang.Object, java.lang.Object, int, int)'> (0x0000000711d705e0) 
thrown [t:\workspace\open\src\hotspot\share\interpreter\linkResolver.cpp, line 766]
Event: 5.798 Thread 0x0000019533ade650 Exception <a 'java/lang/NoSuchMethodError'{0x0000000711d7b040}: 'void java.lang.invoke.DirectMethodHandle$Holder.invokeStatic(java.lang.Object, java.lang.Object, int)'> (0x0000000711d7b040) 
thrown [t:\workspace\open\src\hotspot\share\interpreter\linkResolver.cpp, line 766]
Event: 6.083 Thread 0x000001955ba0bd90 Exception <a 'java/lang/NoSuchMethodError'{0x0000000711643888}: 'java.lang.Object java.lang.invoke.DirectMethodHandle$Holder.invokeSpecial(java.lang.Object, java.lang.Object, java.lang.Object, java.lang.Object, int)'> (0x0000000711643888) 
thrown [t:\workspace\open\src\hotspot\share\interpreter\linkResolver.cpp, line 766]
Event: 6.083 Thread 0x000001955ba0bd90 Exception <a 'java/lang/NoSuchMethodError'{0x0000000711647450}: 'java.lang.Object java.lang.invoke.Invokers$Holder.linkToTargetMethod(java.lang.Object, java.lang.Object, int, java.lang.Object)'> (0x0000000711647450) 
thrown [t:\workspace\open\src\hotspot\share\interpreter\linkResolver.cpp, line 766]
Event: 6.141 Thread 0x000001955ba0bd90 Exception <a 'java/lang/NoSuchMethodError'{0x0000000711698b28}: 'void java.lang.invoke.DirectMethodHandle$Holder.invokeSpecial(java.lang.Object, java.lang.Object, java.lang.Object, java.lang.Object, java.lang.Object)'> (0x0000000711698b28) 
thrown [t:\workspace\open\src\hotspot\share\interpreter\linkResolver.cpp, line 766]

VM Operations (20 events):
Event: 4.478 Executing VM operation: ICBufferFull
Event: 4.478 Executing VM operation: ICBufferFull done
Event: 4.486 Executing VM operation: ICBufferFull
Event: 4.486 Executing VM operation: ICBufferFull done
Event: 4.493 Executing VM operation: ICBufferFull
Event: 4.494 Executing VM operation: ICBufferFull done
Event: 4.505 Executing VM operation: ICBufferFull
Event: 4.505 Executing VM operation: ICBufferFull done
Event: 4.530 Executing VM operation: ICBufferFull
Event: 4.530 Executing VM operation: ICBufferFull done
Event: 4.541 Executing VM operation: ICBufferFull
Event: 4.541 Executing VM operation: ICBufferFull done
Event: 4.877 Executing VM operation: G1CollectForAllocation
Event: 4.882 Executing VM operation: G1CollectForAllocation done
Event: 5.704 Executing VM operation: HandshakeAllThreads
Event: 5.704 Executing VM operation: HandshakeAllThreads done
Event: 5.704 Executing VM operation: HandshakeAllThreads
Event: 5.704 Executing VM operation: HandshakeAllThreads done
Event: 5.705 Executing VM operation: HandshakeAllThreads
Event: 5.705 Executing VM operation: HandshakeAllThreads done

Events (20 events):
Event: 6.066 loading class java/util/concurrent/CompletableFuture$UniWhenComplete done
Event: 6.073 loading class java/time/Instant$1
Event: 6.073 loading class java/time/Instant$1 done
Event: 6.118 loading class sun/nio/ch/SocketChannelImpl$DefaultOptionsHolder
Event: 6.118 loading class sun/nio/ch/SocketChannelImpl$DefaultOptionsHolder done
Event: 6.173 loading class java/util/function/LongBinaryOperator
Event: 6.173 loading class java/util/function/LongBinaryOperator done
Event: 6.182 loading class java/util/concurrent/CompletableFuture$UniHandle
Event: 6.185 loading class java/util/concurrent/CompletableFuture$UniHandle done
Event: 6.190 loading class sun/nio/ch/SelectionKeyImpl
Event: 6.190 loading class java/nio/channels/spi/AbstractSelectionKey
Event: 6.190 loading class java/nio/channels/SelectionKey
Event: 6.190 loading class java/nio/channels/SelectionKey done
Event: 6.190 loading class java/nio/channels/spi/AbstractSelectionKey done
Event: 6.190 loading class sun/nio/ch/SelectionKeyImpl done
Event: 6.190 loading class java/lang/invoke/ConstantBootstraps
Event: 6.191 loading class java/lang/invoke/ConstantBootstraps done
Event: 6.205 Thread 0x000001955ba0c730 Thread added: 0x000001955ba0c730
Event: 6.210 loading class java/util/concurrent/CompletableFuture$UniRelay
Event: 6.210 loading class java/util/concurrent/CompletableFuture$UniRelay done


Dynamic libraries:
0x00007ff65cec0000 - 0x00007ff65ced0000 	C:\Program Files\Java\jdk-17\bin\javaw.exe
0x00007ffdb47e0000 - 0x00007ffdb4a47000 	C:\WINDOWS\SYSTEM32\ntdll.dll
0x00007ffdb3b10000 - 0x00007ffdb3bd9000 	C:\WINDOWS\System32\KERNEL32.DLL
0x00007ffdb1b30000 - 0x00007ffdb1f1f000 	C:\WINDOWS\System32\KERNELBASE.dll
0x00007ffdb19e0000 - 0x00007ffdb1b2b000 	C:\WINDOWS\System32\ucrtbase.dll
0x00007ffd8adb0000 - 0x00007ffd8adc8000 	C:\Program Files\Java\jdk-17\bin\jli.dll
0x00007ffd8add0000 - 0x00007ffd8adea000 	C:\Program Files\Java\jdk-17\bin\VCRUNTIME140.dll
0x00007ffdb3790000 - 0x00007ffdb3844000 	C:\WINDOWS\System32\ADVAPI32.dll
0x00007ffdb45d0000 - 0x00007ffdb4679000 	C:\WINDOWS\System32\msvcrt.dll
0x00007ffdb4410000 - 0x00007ffdb44b6000 	C:\WINDOWS\System32\sechost.dll
0x00007ffdb4680000 - 0x00007ffdb4798000 	C:\WINDOWS\System32\RPCRT4.dll
0x00007ffdb4010000 - 0x00007ffdb41d5000 	C:\WINDOWS\System32\USER32.dll
0x00007ffdb24c0000 - 0x00007ffdb24e7000 	C:\WINDOWS\System32\win32u.dll
0x00007ffdb2590000 - 0x00007ffdb25bb000 	C:\WINDOWS\System32\GDI32.dll
0x00007ffdb2160000 - 0x00007ffdb228c000 	C:\WINDOWS\System32\gdi32full.dll
0x00007ffd9d470000 - 0x00007ffd9d703000 	C:\WINDOWS\WinSxS\amd64_microsoft.windows.common-controls_6595b64144ccf1df_6.0.26100.7309_none_3e05feeae336a044\COMCTL32.dll
0x00007ffdb1930000 - 0x00007ffdb19d3000 	C:\WINDOWS\System32\msvcp_win.dll
0x00007ffdab750000 - 0x00007ffdab75b000 	C:\WINDOWS\SYSTEM32\VERSION.dll
0x00007ffdb3be0000 - 0x00007ffdb3c11000 	C:\WINDOWS\System32\IMM32.DLL
0x00007ffd8b560000 - 0x00007ffd8b56c000 	C:\Program Files\Java\jdk-17\bin\vcruntime140_1.dll
0x00007ffd89e50000 - 0x00007ffd89edd000 	C:\Program Files\Java\jdk-17\bin\msvcp140.dll
0x00007ffd89270000 - 0x00007ffd89e2e000 	C:\Program Files\Java\jdk-17\bin\server\jvm.dll
0x00007ffdb3780000 - 0x00007ffdb3788000 	C:\WINDOWS\System32\PSAPI.DLL
0x00007ffd8ad60000 - 0x00007ffd8ad6a000 	C:\WINDOWS\SYSTEM32\WSOCK32.dll
0x00007ffdb44d0000 - 0x00007ffdb4544000 	C:\WINDOWS\System32\WS2_32.dll
0x00007ffd9f150000 - 0x00007ffd9f185000 	C:\WINDOWS\SYSTEM32\WINMM.dll
0x00007ffdb06e0000 - 0x00007ffdb06fb000 	C:\WINDOWS\SYSTEM32\kernel.appcore.dll
0x00007ffd8ac60000 - 0x00007ffd8ac6a000 	C:\Program Files\Java\jdk-17\bin\jimage.dll
0x00007ffdaef30000 - 0x00007ffdaf172000 	C:\WINDOWS\SYSTEM32\DBGHELP.DLL
0x00007ffdb33f0000 - 0x00007ffdb3776000 	C:\WINDOWS\System32\combase.dll
0x00007ffdb2d80000 - 0x00007ffdb2e56000 	C:\WINDOWS\System32\OLEAUT32.dll
0x00007ffd891a0000 - 0x00007ffd891dc000 	C:\WINDOWS\SYSTEM32\dbgcore.DLL
0x00007ffdb1f30000 - 0x00007ffdb1fd5000 	C:\WINDOWS\System32\bcryptPrimitives.dll
0x00007ffd89140000 - 0x00007ffd89165000 	C:\Program Files\Java\jdk-17\bin\java.dll
0x00007ffd86840000 - 0x00007ffd86916000 	C:\Program Files\Java\jdk-17\bin\svml.dll
0x00007ffdb25c0000 - 0x00007ffdb2d13000 	C:\WINDOWS\System32\SHELL32.dll
0x00007ffdb2290000 - 0x00007ffdb23fa000 	C:\WINDOWS\System32\wintypes.dll
0x00007ffdaf570000 - 0x00007ffdafdce000 	C:\WINDOWS\SYSTEM32\windows.storage.dll
0x00007ffdb2e60000 - 0x00007ffdb2f55000 	C:\WINDOWS\System32\SHCORE.dll
0x00007ffdb41e0000 - 0x00007ffdb4246000 	C:\WINDOWS\System32\shlwapi.dll
0x00007ffdb1850000 - 0x00007ffdb1879000 	C:\WINDOWS\SYSTEM32\profapi.dll
0x00007ffd863f0000 - 0x00007ffd86409000 	C:\Program Files\Java\jdk-17\bin\net.dll
0x00007ffdaa790000 - 0x00007ffdaa8b8000 	C:\WINDOWS\SYSTEM32\WINHTTP.dll
0x00007ffdb0c50000 - 0x00007ffdb0cbb000 	C:\WINDOWS\system32\mswsock.dll
0x00007ffd863d0000 - 0x00007ffd863e5000 	C:\Program Files\Java\jdk-17\bin\nio.dll
0x00007ffd863b0000 - 0x00007ffd863c8000 	C:\Program Files\Java\jdk-17\bin\zip.dll
0x00007ffdb00f0000 - 0x00007ffdb0124000 	C:\WINDOWS\SYSTEM32\IPHLPAPI.DLL
0x00007ffdb3850000 - 0x00007ffdb385a000 	C:\WINDOWS\System32\NSI.dll
0x00007ffda9df0000 - 0x00007ffda9e0e000 	C:\WINDOWS\SYSTEM32\dhcpcsvc6.DLL
0x00007ffda9dc0000 - 0x00007ffda9de3000 	C:\WINDOWS\SYSTEM32\dhcpcsvc.DLL
0x00007ffdb0180000 - 0x00007ffdb02ac000 	C:\WINDOWS\SYSTEM32\DNSAPI.dll
0x00007ffd8a7f0000 - 0x00007ffd8a800000 	C:\Program Files\Java\jdk-17\bin\verify.dll
0x00007ffdb0f10000 - 0x00007ffdb0f2b000 	C:\WINDOWS\SYSTEM32\CRYPTSP.dll
0x00007ffdb0640000 - 0x00007ffdb067a000 	C:\WINDOWS\system32\rsaenh.dll
0x00007ffdb0d00000 - 0x00007ffdb0d2b000 	C:\WINDOWS\SYSTEM32\USERENV.dll
0x00007ffdb1820000 - 0x00007ffdb184a000 	C:\WINDOWS\SYSTEM32\bcrypt.dll
0x00007ffdb0f30000 - 0x00007ffdb0f3c000 	C:\WINDOWS\SYSTEM32\CRYPTBASE.dll
0x00007ffd8a7b0000 - 0x00007ffd8a7be000 	C:\Program Files\Java\jdk-17\bin\sunmscapi.dll
0x00007ffdb1fe0000 - 0x00007ffdb2157000 	C:\WINDOWS\System32\CRYPT32.dll
0x00007ffdb1130000 - 0x00007ffdb1160000 	C:\WINDOWS\SYSTEM32\ncrypt.dll
0x00007ffdb10e0000 - 0x00007ffdb111f000 	C:\WINDOWS\SYSTEM32\NTASN1.dll
0x00007ffda41e0000 - 0x00007ffda41eb000 	C:\Windows\System32\rasadhlp.dll
0x00007ffda5ab0000 - 0x00007ffda5b36000 	C:\WINDOWS\System32\fwpuclnt.dll
0x00007ffd85e00000 - 0x00007ffd85e08000 	C:\WINDOWS\system32\wshunix.dll

dbghelp: loaded successfully - version: 4.0.5 - missing functions: none
symbol engine: initialized successfully - sym options: 0x614 - pdb path: .;C:\Program Files\Java\jdk-17\bin;C:\WINDOWS\SYSTEM32;C:\WINDOWS\WinSxS\amd64_microsoft.windows.common-controls_6595b64144ccf1df_6.0.26100.7309_none_3e05feeae336a044;C:\Program Files\Java\jdk-17\bin\server

VM Arguments:
jvm_args: -ea -Dfile.encoding=UTF-8 -Dstdout.encoding=UTF-8 -Dstderr.encoding=UTF-8 -XX:+ShowCodeDetailsInExceptionMessages 
java_command: org.eclipse.jdt.internal.junit.runner.RemoteTestRunner -version 3 -port 64299 -testLoaderClass org.eclipse.jdt.internal.junit4.runner.JUnit4TestLoader -loaderpluginname org.eclipse.jdt.junit4.runtime -classNames com.runner.Runner
java_class_path (initial): C:\Users\CommonPC\git\repository5\PreMarket\target\test-classes;C:\Users\CommonPC\git\repository5\PreMarket\target\classes;C:\Users\CommonPC\.m2\repository\junit\junit\4.11\junit-4.11.jar;C:\Users\CommonPC\.m2\repository\org\hamcrest\hamcrest-core\1.3\hamcrest-core-1.3.jar;C:\Users\CommonPC\.m2\repository\org\twdata\maven\mojo-executor-maven-plugin\2.3.3\mojo-executor-maven-plugin-2.3.3.jar;C:\Users\CommonPC\.m2\repository\org\codehaus\plexus\plexus-utils\3.4.1\plexus-utils-3.4.1.jar;C:\Users\CommonPC\.m2\repository\org\twdata\maven\mojo-executor\2.3.3\mojo-executor-2.3.3.jar;C:\Users\CommonPC\.m2\repository\org\apache\maven\maven-core\3.5.0\maven-core-3.5.0.jar;C:\Users\CommonPC\.m2\repository\org\apache\maven\maven-settings\3.5.0\maven-settings-3.5.0.jar;C:\Users\CommonPC\.m2\repository\org\apache\maven\maven-settings-builder\3.5.0\maven-settings-builder-3.5.0.jar;C:\Users\CommonPC\.m2\repository\org\apache\maven\maven-builder-support\3.5.0\maven-builder-support-3.5.0.jar;C:\Users\CommonPC\.m2\repository\org\apache\maven\maven-repository-metadata\3.5.0\maven-repository-metadata-3.5.0.jar;C:\Users\CommonPC\.m2\repository\org\apache\maven\maven-artifact\3.5.0\maven-artifact-3.5.0.jar;C:\Users\CommonPC\.m2\repository\org\apache\maven\maven-model-builder\3.5.0\maven-model-builder-3.5.0.jar;C:\Users\CommonPC\.m2\repository\org\apache\maven\maven-resolver-provider\3.5.0\maven-resolver-provider-3.5.0.jar;C:\Users\CommonPC\.m2\repository\org\apache\maven\resolver\maven-resolver-impl\1.0.3\maven-resolver-impl-1.0.3.jar;C:\Users\CommonPC\.m2\repository\org\apache\maven\resolver\maven-resolver-api\1.0.3\maven-resolver-api-1.0.3.jar;C:\Users\CommonPC\.m2\repository\org\apache\maven\resolver\maven-resolver-spi\1.0.3\maven-resolver-spi-1.0.3.jar;C:\Users\CommonPC\.m2\repository\org\apache\maven\resolver\maven-resolver-util\1.0.3\maven-resolver-util-1.0.3.jar;C:\Users\CommonPC\.m2\repository\org\apache\maven\shared\maven-shared-utils\3.1.0\maven-shar
Launcher Type: SUN_STANDARD

[Global flags]
     intx CICompilerCount                          = 3                                         {product} {ergonomic}
     uint ConcGCThreads                            = 2                                         {product} {ergonomic}
     uint G1ConcRefinementThreads                  = 6                                         {product} {ergonomic}
   size_t G1HeapRegionSize                         = 2097152                                   {product} {ergonomic}
    uintx GCDrainStackTargetSize                   = 64                                        {product} {ergonomic}
   size_t InitialHeapSize                          = 266338304                                 {product} {ergonomic}
   size_t MarkStackSize                            = 4194304                                   {product} {ergonomic}
   size_t MaxHeapSize                              = 4248829952                                {product} {ergonomic}
   size_t MaxNewSize                               = 2548039680                                {product} {ergonomic}
   size_t MinHeapDeltaBytes                        = 2097152                                   {product} {ergonomic}
   size_t MinHeapSize                              = 8388608                                   {product} {ergonomic}
    uintx NonNMethodCodeHeapSize                   = 5832780                                {pd product} {ergonomic}
    uintx NonProfiledCodeHeapSize                  = 122912730                              {pd product} {ergonomic}
    uintx ProfiledCodeHeapSize                     = 122912730                              {pd product} {ergonomic}
    uintx ReservedCodeCacheSize                    = 251658240                              {pd product} {ergonomic}
     bool SegmentedCodeCache                       = true                                      {product} {ergonomic}
     bool ShowCodeDetailsInExceptionMessages       = true                                   {manageable} {command line}
   size_t SoftMaxHeapSize                          = 4248829952                             {manageable} {ergonomic}
     bool UseCompressedClassPointers               = true                           {product lp64_product} {ergonomic}
     bool UseCompressedOops                        = true                           {product lp64_product} {ergonomic}
     bool UseG1GC                                  = true                                      {product} {ergonomic}
     bool UseLargePagesIndividualAllocation        = false                                  {pd product} {ergonomic}

Logging:
Log output configuration:
 #0: stdout all=warning uptime,level,tags
 #1: stderr all=off uptime,level,tags

Environment Variables:
JAVA_HOME=C:\Program Files\Java\jdk-17\bin
PATH=C:/Users/CommonPC/.p2/pool/plugins/org.eclipse.justj.openjdk.hotspot.jre.full.win32.x86_64_23.0.2.v20250131-0604/jre/bin/server;C:/Users/CommonPC/.p2/pool/plugins/org.eclipse.justj.openjdk.hotspot.jre.full.win32.x86_64_23.0.2.v20250131-0604/jre/bin;C:\Python313\Scripts\;C:\Python313\;C:\Program Files\Common Files\Oracle\Java\javapath;C:\WINDOWS\system32;C:\WINDOWS;C:\WINDOWS\System32\Wbem;C:\WINDOWS\System32\WindowsPowerShell\v1.0\;C:\WINDOWS\System32\OpenSSH\;C:\Users\CommonPC\AppData\Local\Programs\Git\bin;C:\Users\CommonPC\Documents\ngrok;C:\Users\CommonPC\Downloads\apache-maven-3.9.9;C:\Program Files\nodejs\;C:\ProgramData\chocolatey\bin;C:\Users\CommonPC\AppData\Local\Android\Sdk\platform-tools;C:\Program Files\nodejs\node_modules\npm\bin;C:\Program Files\dotnet\;C:\apache-maven-3.9.9\bin;C:\Program Files\Jenkins;C:\Users\CommonPC\AppData\Local\Microsoft\WindowsApps;C:\Users\CommonPC\AppData\Local\Programs\Git\cmd;C:\Users\CommonPC\AppData\Roaming\npm;C:\Users\CommonPC\eclipse\java-2024-122\eclipse;
USERNAME=CommonPC
OS=Windows_NT
PROCESSOR_IDENTIFIER=Intel64 Family 6 Model 158 Stepping 10, GenuineIntel



---------------  S Y S T E M  ---------------

OS:
 Windows 10 , 64 bit Build 26100 (10.0.26100.7623)
OS uptime: 1 days 16:47 hours

CPU: total 6 (initial active 6) (6 cores per cpu, 2 threads per core) family 6 model 158 stepping 10 microcode 0xf8, cx8, cmov, fxsr, ht, mmx, 3dnowpref, sse, sse2, sse3, ssse3, sse4.1, sse4.2, popcnt, lzcnt, tsc, tscinvbit, avx, avx2, aes, erms, clmul, bmi1, bmi2, rtm, adx, fma, vzeroupper, clflush, clflushopt

Memory: 4k page, system-wide physical 16207M (1046M free)
TotalPageFile size 34261M (AvailPageFile size 6M)
current process WorkingSet (physical memory assigned to process): 148M, peak: 148M
current process commit charge ("private bytes"): 388M, peak: 390M

vm_info: Java HotSpot(TM) 64-Bit Server VM (17+35-LTS-2724) for windows-amd64 JRE (17+35-LTS-2724), built on Aug  5 2021 23:28:28 by "mach5one" with MS VC++ 16.8 (VS2019)

END.
